#
# A fatal error has been detected by the Java Runtime Environment:
#
#  Internal Error (javaClasses.cpp:124), pid=6752, tid=5220
#  fatal error: Invalid layout of preloaded class
#
# JRE version:  (8.0_05-b13) (build )
# Java VM: Java HotSpot(TM) 64-Bit Server VM (25.5-b02 mixed mode windows-amd64 compressed oops)
# Failed to write core dump. Minidumps are not enabled by default on client versions of Windows
#
# If you would like to submit a bug report, please visit:
#   http://bugreport.sun.com/bugreport/crash.jsp
#

---------------  T H R E A D  ---------------

Current thread (0x000000000042d800):  JavaThread "Unknown thread" [_thread_in_vm, id=5220, stack(0x0000000002130000,0x0000000002230000)]

Stack: [0x0000000002130000,0x0000000002230000]
Native frames: (J=compiled Java code, j=interpreted, Vv=VM code, C=native code)
V  [jvm.dll+0x308dea]
V  [jvm.dll+0x25def1]
V  [jvm.dll+0x25eb0f]
V  [jvm.dll+0x256466]
V  [jvm.dll+0x5d33c]
V  [jvm.dll+0x5d433]
V  [jvm.dll+0x71d2a]
V  [jvm.dll+0x72088]
V  [jvm.dll+0xe1607]
V  [jvm.dll+0xe1996]
V  [jvm.dll+0x1f13e7]
V  [jvm.dll+0x2227c4]
V  [jvm.dll+0x149f71]
C  [javaw.exe+0x208a]
C  [javaw.exe+0xc9db]
C  [javaw.exe+0xca6f]
C  [kernel32.dll+0x1652d]
C  [ntdll.dll+0x2c521]


---------------  P R O C E S S  ---------------

Java Threads: ( => current thread )

Other Threads:

=>0x000000000042d800 (exited) JavaThread "Unknown thread" [_thread_in_vm, id=5220, stack(0x0000000002130000,0x0000000002230000)]

VM state:not at safepoint (not fully initialized)

VM Mutex/Monitor currently owned by a thread: None

GC Heap History (0 events):
No events

Deoptimization events (0 events):
No events

Internal exceptions (0 events):
No events

Events (10 events):
Event: 0.014 loading class java/lang/CharSequence done
Event: 0.015 loading class java/lang/String done
Event: 0.015 loading class java/lang/Class
Event: 0.015 loading class java/lang/reflect/AnnotatedElement
Event: 0.015 loading class java/lang/reflect/AnnotatedElement done
Event: 0.015 loading class java/lang/reflect/GenericDeclaration
Event: 0.015 loading class java/lang/reflect/GenericDeclaration done
Event: 0.015 loading class java/lang/reflect/Type
Event: 0.015 loading class java/lang/reflect/Type done
Event: 0.015 loading class java/lang/Class done


Dynamic libraries:
0x000000013fd60000 - 0x000000013fd94000 	C:\Program Files\Java\jre8\bin\javaw.exe
0x00000000775a0000 - 0x0000000077749000 	C:\Windows\SYSTEM32\ntdll.dll
0x0000000077270000 - 0x000000007738f000 	C:\Windows\system32\kernel32.dll
0x000007fefdc60000 - 0x000007fefdccb000 	C:\Windows\system32\KERNELBASE.dll
0x000007fefe8b0000 - 0x000007fefe98b000 	C:\Windows\system32\ADVAPI32.dll
0x000007fefe7a0000 - 0x000007fefe83f000 	C:\Windows\system32\msvcrt.dll
0x000007fefdfe0000 - 0x000007fefdfff000 	C:\Windows\SYSTEM32\sechost.dll
0x000007fefe580000 - 0x000007fefe6ad000 	C:\Windows\system32\RPCRT4.dll
0x0000000077020000 - 0x000000007711a000 	C:\Windows\system32\USER32.dll
0x000007fefe840000 - 0x000007fefe8a7000 	C:\Windows\system32\GDI32.dll
0x000007fefe6b0000 - 0x000007fefe6be000 	C:\Windows\system32\LPK.dll
0x000007fefe4b0000 - 0x000007fefe579000 	C:\Windows\system32\USP10.dll
0x000007fefc470000 - 0x000007fefc664000 	C:\Windows\WinSxS\amd64_microsoft.windows.common-controls_6595b64144ccf1df_6.0.7601.17514_none_fa396087175ac9ac\COMCTL32.dll
0x000007feff720000 - 0x000007feff791000 	C:\Windows\system32\SHLWAPI.dll
0x000007fefdfb0000 - 0x000007fefdfde000 	C:\Windows\system32\IMM32.DLL
0x000007fefe2f0000 - 0x000007fefe3f9000 	C:\Windows\system32\MSCTF.dll
0x000007fefd9c0000 - 0x000007fefda00000 	C:\Windows\system32\nvinitx.dll
0x000000006a290000 - 0x000000006a362000 	C:\Program Files\Java\jre8\bin\msvcr100.dll
0x0000000069a60000 - 0x000000006a28a000 	C:\Program Files\Java\jre8\bin\server\jvm.dll
0x000007fef3780000 - 0x000007fef3789000 	C:\Windows\system32\WSOCK32.dll
0x000007feff860000 - 0x000007feff8ad000 	C:\Windows\system32\WS2_32.dll
0x000007fefe4a0000 - 0x000007fefe4a8000 	C:\Windows\system32\NSI.dll
0x000007fefae90000 - 0x000007fefaecb000 	C:\Windows\system32\WINMM.dll
0x0000000077770000 - 0x0000000077777000 	C:\Windows\system32\PSAPI.DLL
0x0000000069a50000 - 0x0000000069a5f000 	C:\Program Files\Java\jre8\bin\verify.dll
0x0000000069a20000 - 0x0000000069a48000 	C:\Program Files\Java\jre8\bin\java.dll
0x0000000069a00000 - 0x0000000069a16000 	C:\Program Files\Java\jre8\bin\zip.dll
0x000007fef68e0000 - 0x000007fef6a05000 	C:\Windows\system32\dbghelp.dll

VM Arguments:
jvm_args: -Dfile.encoding=Cp1252 -Xbootclasspath:D:\Instaladores\adt-bundle-windows-x86_64-20140321\sdk\platforms\android-16\android.jar 
java_command: MainActivity
java_class_path (initial): D:\Programación\Workspace\Repositorio\ControlParental V1\control-parental-v.1\libs\android-support-v4.jar;D:\Programación\Workspace\appcompat_v7\libs\android-support-v7-appcompat.jar;D:\Programación\Workspace\Repositorio\ControlParental V1\control-parental-v.1\libs\ksoap2-android-assembly-3.3.0-jar-with-dependencies.jar;D:\Programación\Workspace\appcompat_v7\bin\appcompat_v7.jar;D:\Programación\Workspace\Repositorio\ControlParental V1\control-parental-v.1\bin\classes
Launcher Type: SUN_STANDARD

Environment Variables:
PATH=C:\Program Files (x86)\NVIDIA Corporation\PhysX\Common;C:\Program Files\Broadcom\Broadcom 802.11 Network Adapter\Driver;;C:\Windows\system32;C:\Windows;C:\Windows\System32\Wbem;C:\Windows\System32\WindowsPowerShell\v1.0\;C:\Program Files (x86)\Intel\OpenCL SDK\2.0\bin\x86;C:\Program Files (x86)\Intel\OpenCL SDK\2.0\bin\x64;C:\Program Files\TortoiseSVN\bin
USERNAME=PC portatil
OS=Windows_NT
PROCESSOR_IDENTIFIER=Intel64 Family 6 Model 58 Stepping 9, GenuineIntel



---------------  S Y S T E M  ---------------

OS: Windows 7 , 64 bit Build 7601 Service Pack 1

CPU:total 4 (2 cores per cpu, 2 threads per core) family 6 model 58 stepping 9, cmov, cx8, fxsr, mmx, sse, sse2, sse3, ssse3, sse4.1, sse4.2, popcnt, avx, aes, clmul, erms, ht, tsc, tscinvbit

Memory: 4k page, physical 8271396k(2387312k free), swap 16540948k(8458572k free)

vm_info: Java HotSpot(TM) 64-Bit Server VM (25.5-b02) for windows-amd64 JRE (1.8.0_05-b13), built on Mar 18 2014 01:08:39 by "java_re" with MS VC++ 10.0 (VS2010)

time: Fri Jul 11 19:26:56 2014
elapsed time: 0 seconds

